This file contains any messages produced by compilers while
running configure, to aid debugging if configure makes a mistake.

It was created by GNU Automake configure 1.13.2, which was
generated by GNU Autoconf 2.69.  Invocation command line was

  $ ./configure 

## --------- ##
## Platform. ##
## --------- ##

hostname = hao-ming
uname -m = i686
uname -r = 3.11.0-19-generic
uname -s = Linux
uname -v = #33~precise1-Ubuntu SMP Wed Mar 12 21:17:09 UTC 2014

/usr/bin/uname -p = unknown
/bin/uname -X     = unknown

/bin/arch              = unknown
/usr/bin/arch -k       = unknown
/usr/convex/getsysinfo = unknown
/usr/bin/hostinfo      = unknown
/bin/machine           = unknown
/usr/bin/oslevel       = unknown
/bin/universe          = unknown

PATH: /usr/lib/lightdm/lightdm
PATH: /usr/local/sbin
PATH: /usr/local/bin
PATH: /usr/sbin
PATH: /usr/bin
PATH: /sbin
PATH: /bin
PATH: /usr/games
PATH: /home/fschneider/SoftSys/SoftwareSystems/hw05/Pintos/pintos/src/utils


## ----------- ##
## Core tests. ##
## ----------- ##

configure:2031: checking whether make supports nested variables
configure:2048: result: yes
configure:2064: checking build system type
configure:2078: result: i686-pc-linux-gnu
configure:2098: checking host system type
configure:2111: result: i686-pc-linux-gnu
configure:2164: checking for a BSD-compatible install
configure:2232: result: /usr/bin/install -c
configure:2243: checking whether build environment is sane
configure:2298: result: yes
configure:2449: checking for a thread-safe mkdir -p
configure:2488: result: /bin/mkdir -p
configure:2495: checking for gawk
configure:2525: result: no
configure:2495: checking for mawk
configure:2511: found /usr/bin/mawk
configure:2522: result: mawk
configure:2533: checking whether make sets $(MAKE)
configure:2555: result: yes
configure:2671: checking whether ln -s works
configure:2675: result: yes
configure:2685: checking for perl
configure:2703: found /usr/bin/perl
configure:2715: result: /usr/bin/perl
configure:2727: /usr/bin/perl --version

This is perl 5, version 14, subversion 2 (v5.14.2) built for i686-linux-gnu-thread-multi-64int
(with 57 registered patches, see perl -V for more detail)

Copyright 1987-2011, Larry Wall

Perl may be copied only under the terms of either the Artistic License or the
GNU General Public License, which may be found in the Perl 5 source kit.

Complete documentation for Perl, including FAQ lists, should be found on
this system using "man perl" or "perldoc perl".  If you have access to the
Internet, point your browser at http://www.perl.org/, the Perl Home Page.

configure:2730: $? = 0
configure:2740: checking whether /usr/bin/perl supports ithreads
configure:2763: result: yes
configure:2775: checking for tex
configure:2805: result: no
configure:2813:  --version </dev/null
./configure: line 2814: --version: command not found
configure:2816: $? = 127
configure:2834: checking for yacc
configure:2850: found /usr/bin/yacc
configure:2861: result: yacc
configure:2877: checking for lex
configure:2907: result: no
configure:2877: checking for flex
configure:2907: result: no
configure:2924: checking whether autoconf is installed
configure:2929: autoconf --version
autoconf (GNU Autoconf) 2.69
Copyright (C) 2012 Free Software Foundation, Inc.
License GPLv3+/Autoconf: GNU GPL version 3 or later
<http://gnu.org/licenses/gpl.html>, <http://gnu.org/licenses/exceptions.html>
This is free software: you are free to change and redistribute it.
There is NO WARRANTY, to the extent permitted by law.

Written by David J. MacKenzie and Akim Demaille.
configure:2932: $? = 0
configure:2940: result: yes
configure:2947: checking whether autoconf works
configure:2954: cd conftest && autoconf -o /dev/null conftest.ac
configure:2957: $? = 0
configure:2966: result: yes
configure:2973: checking whether autoconf is recent enough
configure:2980: cd conftest && autoconf -o /dev/null conftest.ac
configure:2983: $? = 0
configure:2992: result: yes
configure:2999: checking whether ln works
configure:3019: result: yes
configure:3037: checking for grep that handles long lines and -e
configure:3095: result: /bin/grep
configure:3100: checking for egrep
configure:3162: result: /bin/grep -E
configure:3167: checking for fgrep
configure:3229: result: /bin/grep -F
configure:3275: will now look for a sturdy POSIX shell, for our testsuite
configure:3311: checking for sh
configure:3329: found /bin/sh
configure:3341: result: /bin/sh
configure:3311: checking for sh5
configure:3344: result: no
configure:3311: checking for dash
configure:3329: found /bin/dash
configure:3341: result: /bin/dash
configure:3311: checking for ash
configure:3344: result: no
configure:3311: checking for bash
configure:3329: found /bin/bash
configure:3341: result: /bin/bash
configure:3311: checking for zsh
configure:3344: result: no
configure:3311: checking for ksh
configure:3344: result: no
configure:3311: checking for pdksh
configure:3344: result: no
configure:3365: checking whether /bin/bash supports $(cmd)
configure:3375: result: yes
configure:3385: checking whether /bin/bash supports $((expr))
configure:3395: result: yes
configure:3405: checking whether /bin/bash supports ${#var}
configure:3418: result: yes
configure:3428: checking whether /bin/bash supports ${var#glob} and ${var%glob}
configure:3442: result: yes
configure:3452: checking whether /bin/bash preserves exit traps with "set -e"
configure:3462: result: yes
configure:3472: checking whether /bin/bash can define exit traps in a shell function
configure:3482: result: yes
configure:3492: checking whether /bin/bash corrupts stderr with "set -x"
configure:3506: result: no
configure:3514: checking whether /bin/bash can return early from "dot-sourced" files
configure:3524: result: yes
configure:3536: checking whether /bin/bash supports alias named like shell builtins

configure:3546: result: yes
configure:3556: checking whether /bin/bash supports "test -e"
configure:3566: result: yes
configure:3584: shell /bin/bash is good enough, stop looking
configure:3601: will use /bin/bash as the testsuite shell
configure:3625: will now look for generic compilers
configure:3688: checking for cc
configure:3704: found /usr/bin/cc
configure:3715: result: cc
configure:3748: checking for C compiler version
configure:3757: cc --version >&5
cc (Ubuntu/Linaro 4.6.3-1ubuntu5) 4.6.3
Copyright (C) 2011 Free Software Foundation, Inc.
This is free software; see the source for copying conditions.  There is NO
warranty; not even for MERCHANTABILITY or FITNESS FOR A PARTICULAR PURPOSE.

configure:3768: $? = 0
configure:3757: cc -v >&5
Using built-in specs.
COLLECT_GCC=cc
COLLECT_LTO_WRAPPER=/usr/lib/gcc/i686-linux-gnu/4.6/lto-wrapper
Target: i686-linux-gnu
Configured with: ../src/configure -v --with-pkgversion='Ubuntu/Linaro 4.6.3-1ubuntu5' --with-bugurl=file:///usr/share/doc/gcc-4.6/README.Bugs --enable-languages=c,c++,fortran,objc,obj-c++ --prefix=/usr --program-suffix=-4.6 --enable-shared --enable-linker-build-id --with-system-zlib --libexecdir=/usr/lib --without-included-gettext --enable-threads=posix --with-gxx-include-dir=/usr/include/c++/4.6 --libdir=/usr/lib --enable-nls --with-sysroot=/ --enable-clocale=gnu --enable-libstdcxx-debug --enable-libstdcxx-time=yes --enable-gnu-unique-object --enable-plugin --enable-objc-gc --enable-targets=all --disable-werror --with-arch-32=i686 --with-tune=generic --enable-checking=release --build=i686-linux-gnu --host=i686-linux-gnu --target=i686-linux-gnu
Thread model: posix
gcc version 4.6.3 (Ubuntu/Linaro 4.6.3-1ubuntu5) 
configure:3768: $? = 0
configure:3757: cc -V >&5
cc: error: unrecognized option '-V'
cc: fatal error: no input files
compilation terminated.
configure:3768: $? = 4
configure:3757: cc -qversion >&5
cc: error: unrecognized option '-qversion'
cc: fatal error: no input files
compilation terminated.
configure:3768: $? = 4
configure:3788: checking whether the C compiler works
configure:3810: cc    conftest.c  >&5
configure:3814: $? = 0
configure:3864: result: yes
configure:3867: checking for C compiler default output file name
configure:3869: result: a.out
configure:3875: checking for suffix of executables
configure:3882: cc -o conftest    conftest.c  >&5
configure:3886: $? = 0
configure:3910: result: 
configure:3932: checking whether we are cross compiling
configure:3940: cc -o conftest    conftest.c  >&5
configure:3944: $? = 0
configure:3951: ./conftest
configure:3955: $? = 0
configure:3973: result: no
configure:3978: checking for suffix of object files
configure:4000: cc -c   conftest.c >&5
configure:4004: $? = 0
configure:4027: result: o
configure:4031: checking whether we are using the GNU C compiler
configure:4050: cc -c   conftest.c >&5
configure:4050: $? = 0
configure:4059: result: yes
configure:4068: checking whether cc accepts -g
configure:4088: cc -c -g  conftest.c >&5
configure:4088: $? = 0
configure:4129: result: yes
configure:4146: checking for cc option to accept ISO C89
configure:4209: cc  -c -g -O2  conftest.c >&5
configure:4209: $? = 0
configure:4222: result: none needed
configure:4347: checking for aCC
configure:4377: result: no
configure:4347: checking for CC
configure:4377: result: no
configure:4347: checking for FCC
configure:4377: result: no
configure:4347: checking for KCC
configure:4377: result: no
configure:4347: checking for RCC
configure:4377: result: no
configure:4347: checking for xlC_r
configure:4377: result: no
configure:4347: checking for xlC
configure:4377: result: no
configure:4347: checking for c++
configure:4363: found /usr/bin/c++
configure:4374: result: c++
configure:4401: checking for C++ compiler version
configure:4410: c++ --version >&5
c++ (Ubuntu/Linaro 4.6.3-1ubuntu5) 4.6.3
Copyright (C) 2011 Free Software Foundation, Inc.
This is free software; see the source for copying conditions.  There is NO
warranty; not even for MERCHANTABILITY or FITNESS FOR A PARTICULAR PURPOSE.

configure:4421: $? = 0
configure:4410: c++ -v >&5
Using built-in specs.
COLLECT_GCC=c++
COLLECT_LTO_WRAPPER=/usr/lib/gcc/i686-linux-gnu/4.6/lto-wrapper
Target: i686-linux-gnu
Configured with: ../src/configure -v --with-pkgversion='Ubuntu/Linaro 4.6.3-1ubuntu5' --with-bugurl=file:///usr/share/doc/gcc-4.6/README.Bugs --enable-languages=c,c++,fortran,objc,obj-c++ --prefix=/usr --program-suffix=-4.6 --enable-shared --enable-linker-build-id --with-system-zlib --libexecdir=/usr/lib --without-included-gettext --enable-threads=posix --with-gxx-include-dir=/usr/include/c++/4.6 --libdir=/usr/lib --enable-nls --with-sysroot=/ --enable-clocale=gnu --enable-libstdcxx-debug --enable-libstdcxx-time=yes --enable-gnu-unique-object --enable-plugin --enable-objc-gc --enable-targets=all --disable-werror --with-arch-32=i686 --with-tune=generic --enable-checking=release --build=i686-linux-gnu --host=i686-linux-gnu --target=i686-linux-gnu
Thread model: posix
gcc version 4.6.3 (Ubuntu/Linaro 4.6.3-1ubuntu5) 
configure:4421: $? = 0
configure:4410: c++ -V >&5
c++: error: unrecognized option '-V'
c++: fatal error: no input files
compilation terminated.
configure:4421: $? = 4
configure:4410: c++ -qversion >&5
c++: error: unrecognized option '-qversion'
c++: fatal error: no input files
compilation terminated.
configure:4421: $? = 4
configure:4441: checking whether the C++ compiler works
configure:4463: c++    conftest.cpp  >&5
configure:4467: $? = 0
configure:4517: result: yes
configure:4520: checking for C++ compiler default output file name
configure:4522: result: a.out
configure:4528: checking for suffix of executables
configure:4535: c++ -o conftest    conftest.cpp  >&5
configure:4539: $? = 0
configure:4563: result: 
configure:4585: checking whether we are cross compiling
configure:4593: c++ -o conftest    conftest.cpp  >&5
configure:4597: $? = 0
configure:4604: ./conftest
configure:4608: $? = 0
configure:4626: result: no
configure:4631: checking for suffix of object files
configure:4653: c++ -c   conftest.cpp >&5
configure:4657: $? = 0
configure:4680: result: o
configure:4684: checking whether we are using the GNU C++ compiler
configure:4703: c++ -c   conftest.cpp >&5
configure:4703: $? = 0
configure:4712: result: yes
configure:4721: checking whether c++ accepts -g
configure:4741: c++ -c -g  conftest.cpp >&5
configure:4741: $? = 0
configure:4782: result: yes
configure:4893: checking for xlf95
configure:4923: result: no
configure:4893: checking for f95
configure:4909: found /usr/bin/f95
configure:4920: result: f95
configure:4946: checking for Fortran compiler version
configure:4955: f95 --version >&5
GNU Fortran (Ubuntu/Linaro 4.6.3-1ubuntu5) 4.6.3
Copyright (C) 2011 Free Software Foundation, Inc.

GNU Fortran comes with NO WARRANTY, to the extent permitted by law.
You may redistribute copies of GNU Fortran
under the terms of the GNU General Public License.
For more information about these matters, see the file named COPYING

configure:4966: $? = 0
configure:4955: f95 -v >&5
Using built-in specs.
COLLECT_GCC=f95
COLLECT_LTO_WRAPPER=/usr/lib/gcc/i686-linux-gnu/4.6/lto-wrapper
Target: i686-linux-gnu
Configured with: ../src/configure -v --with-pkgversion='Ubuntu/Linaro 4.6.3-1ubuntu5' --with-bugurl=file:///usr/share/doc/gcc-4.6/README.Bugs --enable-languages=c,c++,fortran,objc,obj-c++ --prefix=/usr --program-suffix=-4.6 --enable-shared --enable-linker-build-id --with-system-zlib --libexecdir=/usr/lib --without-included-gettext --enable-threads=posix --with-gxx-include-dir=/usr/include/c++/4.6 --libdir=/usr/lib --enable-nls --with-sysroot=/ --enable-clocale=gnu --enable-libstdcxx-debug --enable-libstdcxx-time=yes --enable-gnu-unique-object --enable-plugin --enable-objc-gc --enable-targets=all --disable-werror --with-arch-32=i686 --with-tune=generic --enable-checking=release --build=i686-linux-gnu --host=i686-linux-gnu --target=i686-linux-gnu
Thread model: posix
gcc version 4.6.3 (Ubuntu/Linaro 4.6.3-1ubuntu5) 
configure:4966: $? = 0
configure:4955: f95 -V >&5
f95: error: unrecognized option '-V'
f95: fatal error: no input files
compilation terminated.
configure:4966: $? = 4
configure:4955: f95 -qversion >&5
f95: error: unrecognized option '-qversion'
f95: fatal error: no input files
compilation terminated.
configure:4966: $? = 4
configure:4981: checking whether the Fortran compiler works
configure:5003: f95    conftest.f  >&5
configure:5007: $? = 0
configure:5057: result: yes
configure:5060: checking for Fortran compiler default output file name
configure:5062: result: a.out
configure:5068: checking for suffix of executables
configure:5075: f95 -o conftest    conftest.f  >&5
configure:5079: $? = 0
configure:5103: result: 
configure:5119: checking whether we are cross compiling
configure:5127: f95 -o conftest    conftest.f  >&5
configure:5131: $? = 0
configure:5138: ./conftest
configure:5142: $? = 0
configure:5160: result: no
configure:5165: checking for suffix of object files
configure:5181: f95 -c   conftest.f >&5
configure:5185: $? = 0
configure:5208: result: o
configure:5216: checking whether we are using the GNU Fortran compiler
configure:5229: f95 -c   conftest.F >&5
configure:5229: $? = 0
configure:5238: result: yes
configure:5244: checking whether f95 accepts -g
configure:5255: f95 -c -g  conftest.f >&5
configure:5255: $? = 0
configure:5263: result: yes
configure:5375: checking for xlf
configure:5405: result: no
configure:5375: checking for f77
configure:5405: result: no
configure:5375: checking for frt
configure:5405: result: no
configure:5375: checking for pgf77
configure:5405: result: no
configure:5375: checking for cf77
configure:5405: result: no
configure:5375: checking for fort77
configure:5405: result: no
configure:5375: checking for fl32
configure:5405: result: no
configure:5375: checking for af77
configure:5405: result: no
configure:5375: checking for g77
configure:5405: result: no
configure:5375: checking for gfortran
configure:5391: found /usr/bin/gfortran
configure:5402: result: gfortran
configure:5428: checking for Fortran 77 compiler version
configure:5437: gfortran --version >&5
GNU Fortran (Ubuntu/Linaro 4.6.3-1ubuntu5) 4.6.3
Copyright (C) 2011 Free Software Foundation, Inc.

GNU Fortran comes with NO WARRANTY, to the extent permitted by law.
You may redistribute copies of GNU Fortran
under the terms of the GNU General Public License.
For more information about these matters, see the file named COPYING

configure:5448: $? = 0
configure:5437: gfortran -v >&5
Using built-in specs.
COLLECT_GCC=gfortran
COLLECT_LTO_WRAPPER=/usr/lib/gcc/i686-linux-gnu/4.6/lto-wrapper
Target: i686-linux-gnu
Configured with: ../src/configure -v --with-pkgversion='Ubuntu/Linaro 4.6.3-1ubuntu5' --with-bugurl=file:///usr/share/doc/gcc-4.6/README.Bugs --enable-languages=c,c++,fortran,objc,obj-c++ --prefix=/usr --program-suffix=-4.6 --enable-shared --enable-linker-build-id --with-system-zlib --libexecdir=/usr/lib --without-included-gettext --enable-threads=posix --with-gxx-include-dir=/usr/include/c++/4.6 --libdir=/usr/lib --enable-nls --with-sysroot=/ --enable-clocale=gnu --enable-libstdcxx-debug --enable-libstdcxx-time=yes --enable-gnu-unique-object --enable-plugin --enable-objc-gc --enable-targets=all --disable-werror --with-arch-32=i686 --with-tune=generic --enable-checking=release --build=i686-linux-gnu --host=i686-linux-gnu --target=i686-linux-gnu
Thread model: posix
gcc version 4.6.3 (Ubuntu/Linaro 4.6.3-1ubuntu5) 
configure:5448: $? = 0
configure:5437: gfortran -V >&5
gfortran: error: unrecognized option '-V'
gfortran: fatal error: no input files
compilation terminated.
configure:5448: $? = 4
configure:5437: gfortran -qversion >&5
gfortran: error: unrecognized option '-qversion'
gfortran: fatal error: no input files
compilation terminated.
configure:5448: $? = 4
configure:5463: checking whether the Fortran 77 compiler works
configure:5485: gfortran   conftest.f  >&5
configure:5489: $? = 0
configure:5539: result: yes
configure:5542: checking for Fortran 77 compiler default output file name
configure:5544: result: a.out
configure:5550: checking for suffix of executables
configure:5557: gfortran -o conftest   conftest.f  >&5
configure:5561: $? = 0
configure:5585: result: 
configure:5601: checking whether we are cross compiling
configure:5609: gfortran -o conftest   conftest.f  >&5
configure:5613: $? = 0
configure:5620: ./conftest
configure:5624: $? = 0
configure:5642: result: no
configure:5647: checking for suffix of object files
configure:5663: gfortran -c  conftest.f >&5
configure:5667: $? = 0
configure:5690: result: o
configure:5698: checking whether we are using the GNU Fortran 77 compiler
configure:5711: gfortran -c  conftest.F >&5
configure:5711: $? = 0
configure:5720: result: yes
configure:5726: checking whether gfortran accepts -g
configure:5737: gfortran -c -g conftest.f >&5
configure:5737: $? = 0
configure:5745: result: yes
configure:5809: will now look for GNU compilers
configure:5816: cc is already a GNU C compiler
configure:5922: cc --version && cc -v
cc (Ubuntu/Linaro 4.6.3-1ubuntu5) 4.6.3
Copyright (C) 2011 Free Software Foundation, Inc.
This is free software; see the source for copying conditions.  There is NO
warranty; not even for MERCHANTABILITY or FITNESS FOR A PARTICULAR PURPOSE.

Using built-in specs.
COLLECT_GCC=cc
COLLECT_LTO_WRAPPER=/usr/lib/gcc/i686-linux-gnu/4.6/lto-wrapper
Target: i686-linux-gnu
Configured with: ../src/configure -v --with-pkgversion='Ubuntu/Linaro 4.6.3-1ubuntu5' --with-bugurl=file:///usr/share/doc/gcc-4.6/README.Bugs --enable-languages=c,c++,fortran,objc,obj-c++ --prefix=/usr --program-suffix=-4.6 --enable-shared --enable-linker-build-id --with-system-zlib --libexecdir=/usr/lib --without-included-gettext --enable-threads=posix --with-gxx-include-dir=/usr/include/c++/4.6 --libdir=/usr/lib --enable-nls --with-sysroot=/ --enable-clocale=gnu --enable-libstdcxx-debug --enable-libstdcxx-time=yes --enable-gnu-unique-object --enable-plugin --enable-objc-gc --enable-targets=all --disable-werror --with-arch-32=i686 --with-tune=generic --enable-checking=release --build=i686-linux-gnu --host=i686-linux-gnu --target=i686-linux-gnu
Thread model: posix
gcc version 4.6.3 (Ubuntu/Linaro 4.6.3-1ubuntu5) 
configure:5925: $? = 0
configure:5940: c++ is already a GNU C++ compiler
configure:6047: c++ --version && c++ -v
c++ (Ubuntu/Linaro 4.6.3-1ubuntu5) 4.6.3
Copyright (C) 2011 Free Software Foundation, Inc.
This is free software; see the source for copying conditions.  There is NO
warranty; not even for MERCHANTABILITY or FITNESS FOR A PARTICULAR PURPOSE.

Using built-in specs.
COLLECT_GCC=c++
COLLECT_LTO_WRAPPER=/usr/lib/gcc/i686-linux-gnu/4.6/lto-wrapper
Target: i686-linux-gnu
Configured with: ../src/configure -v --with-pkgversion='Ubuntu/Linaro 4.6.3-1ubuntu5' --with-bugurl=file:///usr/share/doc/gcc-4.6/README.Bugs --enable-languages=c,c++,fortran,objc,obj-c++ --prefix=/usr --program-suffix=-4.6 --enable-shared --enable-linker-build-id --with-system-zlib --libexecdir=/usr/lib --without-included-gettext --enable-threads=posix --with-gxx-include-dir=/usr/include/c++/4.6 --libdir=/usr/lib --enable-nls --with-sysroot=/ --enable-clocale=gnu --enable-libstdcxx-debug --enable-libstdcxx-time=yes --enable-gnu-unique-object --enable-plugin --enable-objc-gc --enable-targets=all --disable-werror --with-arch-32=i686 --with-tune=generic --enable-checking=release --build=i686-linux-gnu --host=i686-linux-gnu --target=i686-linux-gnu
Thread model: posix
gcc version 4.6.3 (Ubuntu/Linaro 4.6.3-1ubuntu5) 
configure:6050: $? = 0
configure:6065: f95 is already a GNU Fortran compiler
configure:6172: f95 --version && f95 -v
GNU Fortran (Ubuntu/Linaro 4.6.3-1ubuntu5) 4.6.3
Copyright (C) 2011 Free Software Foundation, Inc.

GNU Fortran comes with NO WARRANTY, to the extent permitted by law.
You may redistribute copies of GNU Fortran
under the terms of the GNU General Public License.
For more information about these matters, see the file named COPYING

Using built-in specs.
COLLECT_GCC=f95
COLLECT_LTO_WRAPPER=/usr/lib/gcc/i686-linux-gnu/4.6/lto-wrapper
Target: i686-linux-gnu
Configured with: ../src/configure -v --with-pkgversion='Ubuntu/Linaro 4.6.3-1ubuntu5' --with-bugurl=file:///usr/share/doc/gcc-4.6/README.Bugs --enable-languages=c,c++,fortran,objc,obj-c++ --prefix=/usr --program-suffix=-4.6 --enable-shared --enable-linker-build-id --with-system-zlib --libexecdir=/usr/lib --without-included-gettext --enable-threads=posix --with-gxx-include-dir=/usr/include/c++/4.6 --libdir=/usr/lib --enable-nls --with-sysroot=/ --enable-clocale=gnu --enable-libstdcxx-debug --enable-libstdcxx-time=yes --enable-gnu-unique-object --enable-plugin --enable-objc-gc --enable-targets=all --disable-werror --with-arch-32=i686 --with-tune=generic --enable-checking=release --build=i686-linux-gnu --host=i686-linux-gnu --target=i686-linux-gnu
Thread model: posix
gcc version 4.6.3 (Ubuntu/Linaro 4.6.3-1ubuntu5) 
configure:6175: $? = 0
configure:6190: gfortran is already a GNU Fortran 77 compiler
configure:6297: gfortran --version && gfortran -v
GNU Fortran (Ubuntu/Linaro 4.6.3-1ubuntu5) 4.6.3
Copyright (C) 2011 Free Software Foundation, Inc.

GNU Fortran comes with NO WARRANTY, to the extent permitted by law.
You may redistribute copies of GNU Fortran
under the terms of the GNU General Public License.
For more information about these matters, see the file named COPYING

Using built-in specs.
COLLECT_GCC=gfortran
COLLECT_LTO_WRAPPER=/usr/lib/gcc/i686-linux-gnu/4.6/lto-wrapper
Target: i686-linux-gnu
Configured with: ../src/configure -v --with-pkgversion='Ubuntu/Linaro 4.6.3-1ubuntu5' --with-bugurl=file:///usr/share/doc/gcc-4.6/README.Bugs --enable-languages=c,c++,fortran,objc,obj-c++ --prefix=/usr --program-suffix=-4.6 --enable-shared --enable-linker-build-id --with-system-zlib --libexecdir=/usr/lib --without-included-gettext --enable-threads=posix --with-gxx-include-dir=/usr/include/c++/4.6 --libdir=/usr/lib --enable-nls --with-sysroot=/ --enable-clocale=gnu --enable-libstdcxx-debug --enable-libstdcxx-time=yes --enable-gnu-unique-object --enable-plugin --enable-objc-gc --enable-targets=all --disable-werror --with-arch-32=i686 --with-tune=generic --enable-checking=release --build=i686-linux-gnu --host=i686-linux-gnu --target=i686-linux-gnu
Thread model: posix
gcc version 4.6.3 (Ubuntu/Linaro 4.6.3-1ubuntu5) 
configure:6300: $? = 0
configure:6363: checking for gcj
configure:6393: result: no
configure:6597: checking that generated files are newer than configure
configure:6603: result: done
configure:6618: creating ./config.status

## ---------------------- ##
## Running config.status. ##
## ---------------------- ##

This file was extended by GNU Automake config.status 1.13.2, which was
generated by GNU Autoconf 2.69.  Invocation command line was

  CONFIG_FILES    = 
  CONFIG_HEADERS  = 
  CONFIG_LINKS    = 
  CONFIG_COMMANDS = 
  $ ./config.status 

on hao-ming

config.status:824: creating Makefile
config.status:824: creating t/wrap/aclocal-1.13
config.status:824: creating t/wrap/automake-1.13

## ---------------- ##
## Cache variables. ##
## ---------------- ##

ac_cv_AM_TEST_RUNNER_SHELL=/bin/bash
ac_cv_build=i686-pc-linux-gnu
ac_cv_c_compiler_gnu=yes
ac_cv_cxx_compiler_gnu=yes
ac_cv_env_AM_TEST_RUNNER_SHELL_set=
ac_cv_env_AM_TEST_RUNNER_SHELL_value=
ac_cv_env_CCC_set=
ac_cv_env_CCC_value=
ac_cv_env_CC_set=
ac_cv_env_CC_value=
ac_cv_env_CFLAGS_set=
ac_cv_env_CFLAGS_value=
ac_cv_env_CPPFLAGS_set=
ac_cv_env_CPPFLAGS_value=
ac_cv_env_CXXFLAGS_set=
ac_cv_env_CXXFLAGS_value=
ac_cv_env_CXX_set=
ac_cv_env_CXX_value=
ac_cv_env_F77_set=
ac_cv_env_F77_value=
ac_cv_env_FCFLAGS_set=
ac_cv_env_FCFLAGS_value=
ac_cv_env_FC_set=
ac_cv_env_FC_value=
ac_cv_env_FFLAGS_set=
ac_cv_env_FFLAGS_value=
ac_cv_env_GNU_CC_set=
ac_cv_env_GNU_CC_value=
ac_cv_env_GNU_CFLAGS_set=
ac_cv_env_GNU_CFLAGS_value=
ac_cv_env_GNU_CXXFLAGS_set=
ac_cv_env_GNU_CXXFLAGS_value=
ac_cv_env_GNU_CXX_set=
ac_cv_env_GNU_CXX_value=
ac_cv_env_GNU_F77_set=
ac_cv_env_GNU_F77_value=
ac_cv_env_GNU_FCFLAGS_set=
ac_cv_env_GNU_FCFLAGS_value=
ac_cv_env_GNU_FC_set=
ac_cv_env_GNU_FC_value=
ac_cv_env_GNU_FFLAGS_set=
ac_cv_env_GNU_FFLAGS_value=
ac_cv_env_GNU_GCJFLAGS_set=
ac_cv_env_GNU_GCJFLAGS_value=
ac_cv_env_GNU_GCJ_set=
ac_cv_env_GNU_GCJ_value=
ac_cv_env_LDFLAGS_set=
ac_cv_env_LDFLAGS_value=
ac_cv_env_LIBS_set=
ac_cv_env_LIBS_value=
ac_cv_env_build_alias_set=
ac_cv_env_build_alias_value=
ac_cv_env_host_alias_set=
ac_cv_env_host_alias_value=
ac_cv_env_target_alias_set=
ac_cv_env_target_alias_value=
ac_cv_f77_compiler_gnu=yes
ac_cv_fc_compiler_gnu=yes
ac_cv_host=i686-pc-linux-gnu
ac_cv_path_EGREP='/bin/grep -E'
ac_cv_path_FGREP='/bin/grep -F'
ac_cv_path_GREP=/bin/grep
ac_cv_path_PERL=/usr/bin/perl
ac_cv_path_install='/usr/bin/install -c'
ac_cv_path_mkdir=/bin/mkdir
ac_cv_prog_AWK=mawk
ac_cv_prog_YACC=yacc
ac_cv_prog_ac_ct_CC=cc
ac_cv_prog_ac_ct_CXX=c++
ac_cv_prog_ac_ct_F77=gfortran
ac_cv_prog_ac_ct_FC=f95
ac_cv_prog_cc_c89=
ac_cv_prog_cc_g=yes
ac_cv_prog_cxx_g=yes
ac_cv_prog_f77_g=yes
ac_cv_prog_fc_g=yes
ac_cv_prog_make_make_set=yes
am_cv_autoconf_installed=yes
am_cv_autoconf_version=yes
am_cv_autoconf_works=yes
am_cv_make_support_nested_variables=yes
am_cv_prog_PERL_ithreads=yes
am_cv_prog_ln=ln

## ----------------- ##
## Output variables. ##
## ----------------- ##

ACLOCAL='"/home/fschneider/SoftSys/SoftwareSystems/hw05/automake-1.13.2/t/wrap/aclocal-1.13"'
AMTAR='$${TAR-tar}'
AM_BACKSLASH='\'
AM_DEFAULT_V='$(AM_DEFAULT_VERBOSITY)'
AM_DEFAULT_VERBOSITY='0'
AM_TEST_RUNNER_SHELL='/bin/bash'
AM_V='$(V)'
APIVERSION='1.13'
AUTOCONF='${SHELL} /home/fschneider/SoftSys/SoftwareSystems/hw05/automake-1.13.2/lib/missing autoconf'
AUTOHEADER='${SHELL} /home/fschneider/SoftSys/SoftwareSystems/hw05/automake-1.13.2/lib/missing autoheader'
AUTOMAKE='"/home/fschneider/SoftSys/SoftwareSystems/hw05/automake-1.13.2/t/wrap/automake-1.13"'
AWK='mawk'
CC='cc'
CFLAGS='-g -O2'
CPPFLAGS=''
CXX='c++'
CXXFLAGS='-g -O2'
CYGPATH_W='echo'
DEFS='-DPACKAGE_NAME=\"GNU\ Automake\" -DPACKAGE_TARNAME=\"automake\" -DPACKAGE_VERSION=\"1.13.2\" -DPACKAGE_STRING=\"GNU\ Automake\ 1.13.2\" -DPACKAGE_BUGREPORT=\"bug-automake@gnu.org\" -DPACKAGE_URL=\"http://www.gnu.org/software/automake/\"'
ECHO_C=''
ECHO_N='-n'
ECHO_T=''
EGREP='/bin/grep -E'
EXEEXT='UNKNOWN'
F77='gfortran'
FC='f95'
FCFLAGS='-g -O2'
FFLAGS='-g -O2'
FGREP='/bin/grep -F'
GNU_CC='cc'
GNU_CFLAGS='-g -O2'
GNU_CXX='c++'
GNU_CXXFLAGS='-g -O2'
GNU_F77='gfortran'
GNU_FC='f95'
GNU_FCFLAGS='-g -O2'
GNU_FFLAGS='-g -O2'
GNU_GCJ='false'
GNU_GCJFLAGS=''
GREP='/bin/grep'
INSTALL_DATA='${INSTALL} -m 644'
INSTALL_PROGRAM='${INSTALL}'
INSTALL_SCRIPT='${INSTALL}'
INSTALL_STRIP_PROGRAM='$(install_sh) -c -s'
LDFLAGS=''
LEX='false'
LIBOBJS=''
LIBS=''
LN='ln'
LN_S='ln -s'
LTLIBOBJS=''
MAKEINFO='${SHELL} /home/fschneider/SoftSys/SoftwareSystems/hw05/automake-1.13.2/lib/missing makeinfo'
MKDIR_P='/bin/mkdir -p'
MODIFICATION_DELAY='2'
OBJEXT='UNKNOWN'
PACKAGE='automake'
PACKAGE_BUGREPORT='bug-automake@gnu.org'
PACKAGE_NAME='GNU Automake'
PACKAGE_STRING='GNU Automake 1.13.2'
PACKAGE_TARNAME='automake'
PACKAGE_URL='http://www.gnu.org/software/automake/'
PACKAGE_VERSION='1.13.2'
PATH_SEPARATOR=':'
PERL='/usr/bin/perl'
PERL_THREADS='1'
RELEASE_YEAR='2013'
SET_MAKE=''
SHELL='/bin/bash'
STRIP=''
TEX=''
VERSION='1.13.2'
YACC='yacc'
ac_ct_CC='cc'
ac_ct_CXX='c++'
ac_ct_F77='gfortran'
ac_ct_FC='f95'
ac_ct_GNU_CC=''
ac_ct_GNU_CXX=''
ac_ct_GNU_F77=''
ac_ct_GNU_FC=''
ac_ct_GNU_GCJ=''
am_AUTOCONF='autoconf'
am_AUTOHEADER='autoheader'
am_AUTOM4TE='autom4te'
am_AUTORECONF='autoreconf'
am_AUTOUPDATE='autoupdate'
am__EXEEXT_FALSE='#'
am__EXEEXT_TRUE=''
am__isrc=''
am__leading_dot='.'
am__tar='$${TAR-tar} chof - "$$tardir"'
am__untar='$${TAR-tar} xf -'
am_candidate_sh=''
amdir='${pkgvdatadir}/am'
automake_acdir='${datadir}/aclocal-1.13'
bindir='${exec_prefix}/bin'
build='i686-pc-linux-gnu'
build_alias=''
build_cpu='i686'
build_os='linux-gnu'
build_vendor='pc'
datadir='${datarootdir}'
datarootdir='${prefix}/share'
docdir='${datarootdir}/doc/${PACKAGE_TARNAME}'
dvidir='${docdir}'
exec_prefix='${prefix}'
host='i686-pc-linux-gnu'
host_alias=''
host_cpu='i686'
host_os='linux-gnu'
host_vendor='pc'
htmldir='${docdir}'
includedir='${prefix}/include'
infodir='${datarootdir}/info'
install_sh='${SHELL} /home/fschneider/SoftSys/SoftwareSystems/hw05/automake-1.13.2/lib/install-sh'
libdir='${exec_prefix}/lib'
libexecdir='${exec_prefix}/libexec'
localedir='${datarootdir}/locale'
localstatedir='${prefix}/var'
mandir='${datarootdir}/man'
mkdir_p='$(MKDIR_P)'
oldincludedir='/usr/include'
pdfdir='${docdir}'
pkgvdatadir='${datadir}/automake-1.13'
prefix='/usr/local'
program_transform_name='s,x,x,'
psdir='${docdir}'
sbindir='${exec_prefix}/sbin'
scriptdir='${pkgvdatadir}'
sharedstatedir='${prefix}/com'
sysconfdir='${prefix}/etc'
system_acdir='${datadir}/aclocal'
target_alias=''

## ----------- ##
## confdefs.h. ##
## ----------- ##

/* confdefs.h */
#define PACKAGE_NAME "GNU Automake"
#define PACKAGE_TARNAME "automake"
#define PACKAGE_VERSION "1.13.2"
#define PACKAGE_STRING "GNU Automake 1.13.2"
#define PACKAGE_BUGREPORT "bug-automake@gnu.org"
#define PACKAGE_URL "http://www.gnu.org/software/automake/"

configure: exit 0

## ---------------------- ##
## Running config.status. ##
## ---------------------- ##

This file was extended by GNU Automake config.status 1.13.2, which was
generated by GNU Autoconf 2.69.  Invocation command line was

  CONFIG_FILES    = 
  CONFIG_HEADERS  = 
  CONFIG_LINKS    = 
  CONFIG_COMMANDS = 
  $ ./config.status --file=-

on hao-ming


## ---------------------- ##
## Running config.status. ##
## ---------------------- ##

This file was extended by GNU Automake config.status 1.13.2, which was
generated by GNU Autoconf 2.69.  Invocation command line was

  CONFIG_FILES    = 
  CONFIG_HEADERS  = 
  CONFIG_LINKS    = 
  CONFIG_COMMANDS = 
  $ ./config.status --file=-

on hao-ming


## ---------------------- ##
## Running config.status. ##
## ---------------------- ##

This file was extended by GNU Automake config.status 1.13.2, which was
generated by GNU Autoconf 2.69.  Invocation command line was

  CONFIG_FILES    = 
  CONFIG_HEADERS  = 
  CONFIG_LINKS    = 
  CONFIG_COMMANDS = 
  $ ./config.status --file=-

on hao-ming


## ---------------------- ##
## Running config.status. ##
## ---------------------- ##

This file was extended by GNU Automake config.status 1.13.2, which was
generated by GNU Autoconf 2.69.  Invocation command line was

  CONFIG_FILES    = 
  CONFIG_HEADERS  = 
  CONFIG_LINKS    = 
  CONFIG_COMMANDS = 
  $ ./config.status --file=-

on hao-ming


## ---------------------- ##
## Running config.status. ##
## ---------------------- ##

This file was extended by GNU Automake config.status 1.13.2, which was
generated by GNU Autoconf 2.69.  Invocation command line was

  CONFIG_FILES    = 
  CONFIG_HEADERS  = 
  CONFIG_LINKS    = 
  CONFIG_COMMANDS = 
  $ ./config.status --file=-

on hao-ming


## ---------------------- ##
## Running config.status. ##
## ---------------------- ##

This file was extended by GNU Automake config.status 1.13.2, which was
generated by GNU Autoconf 2.69.  Invocation command line was

  CONFIG_FILES    = 
  CONFIG_HEADERS  = 
  CONFIG_LINKS    = 
  CONFIG_COMMANDS = 
  $ ./config.status --file=-

on hao-ming

